<?xml version="1.0" encoding="UTF-8"?>
<!-- Generated by org.testng.reporters.JUnitReportReporter -->
<testsuite hostname="Tanya-PC" failures="0" tests="1" name="com.ui.tests.ProductSearchTest" time="14.526" errors="0" timestamp="2025-01-22T16:28:02 IST" skipped="0">
  <testcase classname="com.ui.tests.ProductSearchTest" name="verifyProductSearchTest" time="14.526"/>
</testsuite> <!-- com.ui.tests.ProductSearchTest -->
