<?xml version="1.0" encoding="UTF-8"?>
<!-- Generated by org.testng.reporters.JUnitReportReporter -->
<testsuite hostname="Tanya-PC" failures="0" tests="1" name="com.ui.tests.SearchedProductCheckoutTest" time="28.480" errors="0" timestamp="2025-01-22T16:28:02 IST" skipped="0">
  <testcase classname="com.ui.tests.SearchedProductCheckoutTest" name="checkoutTest" time="28.480"/>
</testsuite> <!-- com.ui.tests.SearchedProductCheckoutTest -->
